\BOOKMARK [0][-]{chapter.1}{\376\377\000D\000e\000s\000a\000r\000r\000o\000l\000l\000a\000d\000o\000r\000e\000s\000\040\000E\000F\0002}{}
\BOOKMARK [1][-]{section.1.1}{\376\377\000R\000i\000c\000a\000r\000d\000o\000\040\000P\000r\000a\000t\000o}{chapter.1}
\BOOKMARK [1][-]{section.1.2}{\376\377\000C\000a\000t\000a\000l\000i\000n\000a\000\040\000D\000o\000m\000i\000n\000g\000u\000e\000z}{chapter.1}
\BOOKMARK [0][-]{chapter.2}{\376\377\000C\000h\000a\000n\000g\000e\000s\000\040\000i\000n\000\040\000E\000F\0002\000:\000P\000e\000e\000r\000s\000\137\000E\000l\000\040\000V\000e\000r\000s\000i\000o\000n\000\040\0001\000.\0001}{}
\BOOKMARK [0][-]{chapter.3}{\376\377\000C\000l\000a\000s\000s\000\040\000I\000n\000d\000e\000x}{}
\BOOKMARK [1][-]{section.3.1}{\376\377\000C\000l\000a\000s\000s\000\040\000H\000i\000e\000r\000a\000r\000c\000h\000y}{chapter.3}
\BOOKMARK [0][-]{chapter.4}{\376\377\000C\000l\000a\000s\000s\000\040\000I\000n\000d\000e\000x}{}
\BOOKMARK [1][-]{section.4.1}{\376\377\000C\000l\000a\000s\000s\000\040\000L\000i\000s\000t}{chapter.4}
\BOOKMARK [0][-]{chapter.5}{\376\377\000F\000i\000l\000e\000\040\000I\000n\000d\000e\000x}{}
\BOOKMARK [1][-]{section.5.1}{\376\377\000F\000i\000l\000e\000\040\000L\000i\000s\000t}{chapter.5}
\BOOKMARK [0][-]{chapter.6}{\376\377\000C\000l\000a\000s\000s\000\040\000D\000o\000c\000u\000m\000e\000n\000t\000a\000t\000i\000o\000n}{}
\BOOKMARK [1][-]{section.6.1}{\376\377\000c\000e\000l\000l\000\040\000C\000l\000a\000s\000s\000\040\000R\000e\000f\000e\000r\000e\000n\000c\000e}{chapter.6}
\BOOKMARK [2][-]{subsection.6.1.1}{\376\377\000D\000e\000t\000a\000i\000l\000e\000d\000\040\000D\000e\000s\000c\000r\000i\000p\000t\000i\000o\000n}{section.6.1}
\BOOKMARK [1][-]{section.6.2}{\376\377\000c\000h\000a\000r\000\040\000C\000l\000a\000s\000s\000\040\000R\000e\000f\000e\000r\000e\000n\000c\000e}{chapter.6}
\BOOKMARK [2][-]{subsection.6.2.1}{\376\377\000D\000e\000t\000a\000i\000l\000e\000d\000\040\000D\000e\000s\000c\000r\000i\000p\000t\000i\000o\000n}{section.6.2}
\BOOKMARK [1][-]{section.6.3}{\376\377\000c\000o\000l\000v\000e\000c\000\040\000C\000l\000a\000s\000s\000\040\000R\000e\000f\000e\000r\000e\000n\000c\000e}{chapter.6}
\BOOKMARK [2][-]{subsection.6.3.1}{\376\377\000D\000e\000t\000a\000i\000l\000e\000d\000\040\000D\000e\000s\000c\000r\000i\000p\000t\000i\000o\000n}{section.6.3}
\BOOKMARK [1][-]{section.6.4}{\376\377\000d\000o\000u\000b\000l\000e\000\040\000C\000l\000a\000s\000s\000\040\000R\000e\000f\000e\000r\000e\000n\000c\000e}{chapter.6}
\BOOKMARK [2][-]{subsection.6.4.1}{\376\377\000D\000e\000t\000a\000i\000l\000e\000d\000\040\000D\000e\000s\000c\000r\000i\000p\000t\000i\000o\000n}{section.6.4}
\BOOKMARK [1][-]{section.6.5}{\376\377\000f\000u\000n\000c\000t\000i\000o\000n\000\137\000h\000a\000n\000d\000l\000e\000\040\000C\000l\000a\000s\000s\000\040\000R\000e\000f\000e\000r\000e\000n\000c\000e}{chapter.6}
\BOOKMARK [2][-]{subsection.6.5.1}{\376\377\000D\000e\000t\000a\000i\000l\000e\000d\000\040\000D\000e\000s\000c\000r\000i\000p\000t\000i\000o\000n}{section.6.5}
\BOOKMARK [1][-]{section.6.6}{\376\377\000h\000a\000n\000d\000l\000e\000\040\000C\000l\000a\000s\000s\000\040\000R\000e\000f\000e\000r\000e\000n\000c\000e}{chapter.6}
\BOOKMARK [2][-]{subsection.6.6.1}{\376\377\000D\000e\000t\000a\000i\000l\000e\000d\000\040\000D\000e\000s\000c\000r\000i\000p\000t\000i\000o\000n}{section.6.6}
\BOOKMARK [2][-]{subsection.6.6.2}{\376\377\000M\000e\000m\000b\000e\000r\000\040\000D\000a\000t\000a\000\040\000D\000o\000c\000u\000m\000e\000n\000t\000a\000t\000i\000o\000n}{section.6.6}
\BOOKMARK [3][-]{subsubsection.6.6.2.1}{\376\377\000a\000d\000d\000l\000i\000s\000t\000e\000n\000e\000r}{subsection.6.6.2}
\BOOKMARK [3][-]{subsubsection.6.6.2.2}{\376\377\000d\000e\000l\000e\000t\000e}{subsection.6.6.2}
\BOOKMARK [3][-]{subsubsection.6.6.2.3}{\376\377\000d\000i\000s\000p}{subsection.6.6.2}
\BOOKMARK [3][-]{subsubsection.6.6.2.4}{\376\377\000d\000i\000s\000p\000l\000a\000y}{subsection.6.6.2}
\BOOKMARK [3][-]{subsubsection.6.6.2.5}{\376\377\000e\000q}{subsection.6.6.2}
\BOOKMARK [3][-]{subsubsection.6.6.2.6}{\376\377\000f\000i\000e\000l\000d\000n\000a\000m\000e\000s}{subsection.6.6.2}
\BOOKMARK [3][-]{subsubsection.6.6.2.7}{\376\377\000f\000i\000e\000l\000d\000s}{subsection.6.6.2}
\BOOKMARK [3][-]{subsubsection.6.6.2.8}{\376\377\000f\000i\000n\000d\000o\000b\000j}{subsection.6.6.2}
\BOOKMARK [3][-]{subsubsection.6.6.2.9}{\376\377\000f\000i\000n\000d\000p\000r\000o\000p}{subsection.6.6.2}
\BOOKMARK [3][-]{subsubsection.6.6.2.10}{\376\377\000i\000s\000v\000a\000l\000i\000d}{subsection.6.6.2}
\BOOKMARK [3][-]{subsubsection.6.6.2.11}{\376\377\000n\000o\000t\000i\000f\000y}{subsection.6.6.2}
\BOOKMARK [3][-]{subsubsection.6.6.2.12}{\376\377\000p\000e\000r\000m\000u\000t\000e}{subsection.6.6.2}
\BOOKMARK [3][-]{subsubsection.6.6.2.13}{\376\377\000r\000e\000s\000h\000a\000p\000e}{subsection.6.6.2}
\BOOKMARK [3][-]{subsubsection.6.6.2.14}{\376\377\000s\000o\000r\000t}{subsection.6.6.2}
\BOOKMARK [3][-]{subsubsection.6.6.2.15}{\376\377\000t\000r\000a\000n\000s\000p\000o\000s\000e}{subsection.6.6.2}
\BOOKMARK [1][-]{section.6.7}{\376\377\000i\000n\000t\000e\000g\000e\000r\000\040\000C\000l\000a\000s\000s\000\040\000R\000e\000f\000e\000r\000e\000n\000c\000e}{chapter.6}
\BOOKMARK [2][-]{subsection.6.7.1}{\376\377\000D\000e\000t\000a\000i\000l\000e\000d\000\040\000D\000e\000s\000c\000r\000i\000p\000t\000i\000o\000n}{section.6.7}
\BOOKMARK [1][-]{section.6.8}{\376\377\000l\000o\000g\000i\000c\000a\000l\000\040\000C\000l\000a\000s\000s\000\040\000R\000e\000f\000e\000r\000e\000n\000c\000e}{chapter.6}
\BOOKMARK [2][-]{subsection.6.8.1}{\376\377\000D\000e\000t\000a\000i\000l\000e\000d\000\040\000D\000e\000s\000c\000r\000i\000p\000t\000i\000o\000n}{section.6.8}
\BOOKMARK [1][-]{section.6.9}{\376\377\000r\000o\000w\000v\000e\000c\000\040\000C\000l\000a\000s\000s\000\040\000R\000e\000f\000e\000r\000e\000n\000c\000e}{chapter.6}
\BOOKMARK [2][-]{subsection.6.9.1}{\376\377\000D\000e\000t\000a\000i\000l\000e\000d\000\040\000D\000e\000s\000c\000r\000i\000p\000t\000i\000o\000n}{section.6.9}
\BOOKMARK [1][-]{section.6.10}{\376\377\000s\000t\000r\000u\000c\000t\000\040\000C\000l\000a\000s\000s\000\040\000R\000e\000f\000e\000r\000e\000n\000c\000e}{chapter.6}
\BOOKMARK [2][-]{subsection.6.10.1}{\376\377\000D\000e\000t\000a\000i\000l\000e\000d\000\040\000D\000e\000s\000c\000r\000i\000p\000t\000i\000o\000n}{section.6.10}
\BOOKMARK [1][-]{section.6.11}{\376\377\000v\000a\000r\000a\000r\000g\000i\000n\000\040\000C\000l\000a\000s\000s\000\040\000R\000e\000f\000e\000r\000e\000n\000c\000e}{chapter.6}
\BOOKMARK [2][-]{subsection.6.11.1}{\376\377\000D\000e\000t\000a\000i\000l\000e\000d\000\040\000D\000e\000s\000c\000r\000i\000p\000t\000i\000o\000n}{section.6.11}
\BOOKMARK [1][-]{section.6.12}{\376\377\000v\000a\000r\000a\000r\000g\000o\000u\000t\000\040\000C\000l\000a\000s\000s\000\040\000R\000e\000f\000e\000r\000e\000n\000c\000e}{chapter.6}
\BOOKMARK [2][-]{subsection.6.12.1}{\376\377\000D\000e\000t\000a\000i\000l\000e\000d\000\040\000D\000e\000s\000c\000r\000i\000p\000t\000i\000o\000n}{section.6.12}
\BOOKMARK [0][-]{chapter.7}{\376\377\000F\000i\000l\000e\000\040\000D\000o\000c\000u\000m\000e\000n\000t\000a\000t\000i\000o\000n}{}
\BOOKMARK [1][-]{section.7.1}{\376\377\000a\000u\000x\000i\000l\000i\000a\000r\000.\000m\000\040\000F\000i\000l\000e\000\040\000R\000e\000f\000e\000r\000e\000n\000c\000e}{chapter.7}
\BOOKMARK [2][-]{subsection.7.1.1}{\376\377\000F\000u\000n\000c\000t\000i\000o\000n\000\040\000D\000o\000c\000u\000m\000e\000n\000t\000a\000t\000i\000o\000n}{section.7.1}
\BOOKMARK [3][-]{subsubsection.7.1.1.1}{\376\377\000g\000e\000n\000b\000a\000s\000f\000t\000n}{subsection.7.1.1}
\BOOKMARK [1][-]{section.7.2}{\376\377\000B\000a\000s\000e\000s\000\137\000f\000u\000n\000c\000\137\000M\000a\000x\000w\000e\000l\000l\000.\000m\000\040\000F\000i\000l\000e\000\040\000R\000e\000f\000e\000r\000e\000n\000c\000e}{chapter.7}
\BOOKMARK [2][-]{subsection.7.2.1}{\376\377\000D\000e\000t\000a\000i\000l\000e\000d\000\040\000D\000e\000s\000c\000r\000i\000p\000t\000i\000o\000n}{section.7.2}
\BOOKMARK [2][-]{subsection.7.2.2}{\376\377\000F\000u\000n\000c\000t\000i\000o\000n\000\040\000D\000o\000c\000u\000m\000e\000n\000t\000a\000t\000i\000o\000n}{section.7.2}
\BOOKMARK [3][-]{subsubsection.7.2.2.1}{\376\377\000B\000a\000s\000e\000s\000\137\000f\000u\000n\000c\000\137\000M\000a\000x\000w\000e\000l\000l}{subsection.7.2.2}
\BOOKMARK [1][-]{section.7.3}{\376\377\000c\000a\000r\000s\000t\000\137\000b\000a\000s\000f\000t\000n\000.\000m\000\040\000F\000i\000l\000e\000\040\000R\000e\000f\000e\000r\000e\000n\000c\000e}{chapter.7}
\BOOKMARK [2][-]{subsection.7.3.1}{\376\377\000F\000u\000n\000c\000t\000i\000o\000n\000\040\000D\000o\000c\000u\000m\000e\000n\000t\000a\000t\000i\000o\000n}{section.7.3}
\BOOKMARK [3][-]{subsubsection.7.3.1.1}{\376\377\000c\000a\000r\000s\000t\000\137\000b\000a\000s\000f\000t\000n}{subsection.7.3.1}
\BOOKMARK [3][-]{subsubsection.7.3.1.2}{\376\377\000m\000t\000o\000c\000\137\000s\000u\000b\000s\000t\000\137\000c\000a\000r\000s\000t\000\137\000b\000a\000s\000f\000t\000n\000\137\000m\000\137\000t\000s\000b\000u\000s\000\137\000c\000o\000t\000m\000\137\000t\000e\000s\000t\000\137\000l\000i\000n\000e}{subsection.7.3.1}
\BOOKMARK [1][-]{section.7.4}{\376\377\000c\000l\000a\000s\000s\000\137\000s\000u\000b\000s\000t\000i\000t\000u\000t\000e\000s\000.\000c\000\040\000F\000i\000l\000e\000\040\000R\000e\000f\000e\000r\000e\000n\000c\000e}{chapter.7}
\BOOKMARK [1][-]{section.7.5}{\376\377\000d\000e\000v\000e\000l\000o\000p\000e\000r\000s\000.\000c\000\040\000F\000i\000l\000e\000\040\000R\000e\000f\000e\000r\000e\000n\000c\000e}{chapter.7}
\BOOKMARK [1][-]{section.7.6}{\376\377\000f\000u\000n\000c\000i\000o\000n\000e\000s\000.\000m\000\040\000F\000i\000l\000e\000\040\000R\000e\000f\000e\000r\000e\000n\000c\000e}{chapter.7}
\BOOKMARK [2][-]{subsection.7.6.1}{\376\377\000F\000u\000n\000c\000t\000i\000o\000n\000\040\000D\000o\000c\000u\000m\000e\000n\000t\000a\000t\000i\000o\000n}{section.7.6}
\BOOKMARK [3][-]{subsubsection.7.6.1.1}{\376\377\000f\000u\000n\000c\000i\000o\000n\000e\000s}{subsection.7.6.1}
\BOOKMARK [1][-]{section.7.7}{\376\377\000g\000e\000n\000b\000a\000s\000f\000t\000n\000.\000m\000\040\000F\000i\000l\000e\000\040\000R\000e\000f\000e\000r\000e\000n\000c\000e}{chapter.7}
\BOOKMARK [2][-]{subsection.7.7.1}{\376\377\000F\000u\000n\000c\000t\000i\000o\000n\000\040\000D\000o\000c\000u\000m\000e\000n\000t\000a\000t\000i\000o\000n}{section.7.7}
\BOOKMARK [3][-]{subsubsection.7.7.1.1}{\376\377\000g\000e\000n\000b\000a\000s\000f\000t\000n}{subsection.7.7.1}
\BOOKMARK [1][-]{section.7.8}{\376\377\000i\000n\000s\000i\000d\000e\000\137\000t\000r\000i\000a\000n\000g\000l\000e\000.\000m\000\040\000F\000i\000l\000e\000\040\000R\000e\000f\000e\000r\000e\000n\000c\000e}{chapter.7}
\BOOKMARK [2][-]{subsection.7.8.1}{\376\377\000D\000e\000t\000a\000i\000l\000e\000d\000\040\000D\000e\000s\000c\000r\000i\000p\000t\000i\000o\000n}{section.7.8}
\BOOKMARK [2][-]{subsection.7.8.2}{\376\377\000F\000u\000n\000c\000t\000i\000o\000n\000\040\000D\000o\000c\000u\000m\000e\000n\000t\000a\000t\000i\000o\000n}{section.7.8}
\BOOKMARK [3][-]{subsubsection.7.8.2.1}{\376\377\000i\000n\000s\000i\000d\000e\000\137\000t\000r\000i\000a\000n\000g\000l\000e}{subsection.7.8.2}
\BOOKMARK [1][-]{section.7.9}{\376\377\000i\000n\000t\000e\000x\000t\000n\000o\000d\000e\000s\000.\000m\000\040\000F\000i\000l\000e\000\040\000R\000e\000f\000e\000r\000e\000n\000c\000e}{chapter.7}
\BOOKMARK [2][-]{subsection.7.9.1}{\376\377\000F\000u\000n\000c\000t\000i\000o\000n\000\040\000D\000o\000c\000u\000m\000e\000n\000t\000a\000t\000i\000o\000n}{section.7.9}
\BOOKMARK [3][-]{subsubsection.7.9.1.1}{\376\377\000i\000n\000t\000e\000x\000t\000n\000o\000d\000e\000s}{subsection.7.9.1}
\BOOKMARK [3][-]{subsubsection.7.9.1.2}{\376\377\000m\000t\000o\000c\000\137\000s\000u\000b\000s\000t\000\137\000i\000n\000t\000e\000x\000t\000n\000o\000d\000e\000s\000\137\000m\000\137\000t\000s\000b\000u\000s\000\137\000c\000o\000t\000m\000\137\000i\000n\000v\000M}{subsection.7.9.1}
\BOOKMARK [1][-]{section.7.10}{\376\377\000m\000a\000i\000n\000.\000m\000\040\000F\000i\000l\000e\000\040\000R\000e\000f\000e\000r\000e\000n\000c\000e}{chapter.7}
\BOOKMARK [2][-]{subsection.7.10.1}{\376\377\000D\000e\000t\000a\000i\000l\000e\000d\000\040\000D\000e\000s\000c\000r\000i\000p\000t\000i\000o\000n}{section.7.10}
\BOOKMARK [2][-]{subsection.7.10.2}{\376\377\000F\000u\000n\000c\000t\000i\000o\000n\000\040\000D\000o\000c\000u\000m\000e\000n\000t\000a\000t\000i\000o\000n}{section.7.10}
\BOOKMARK [3][-]{subsubsection.7.10.2.1}{\376\377\000m\000a\000i\000n}{subsection.7.10.2}
\BOOKMARK [1][-]{section.7.11}{\376\377\000m\000a\000l\000l\000a\0000\0001\000.\000m\000\040\000F\000i\000l\000e\000\040\000R\000e\000f\000e\000r\000e\000n\000c\000e}{chapter.7}
\BOOKMARK [2][-]{subsection.7.11.1}{\376\377\000F\000u\000n\000c\000t\000i\000o\000n\000\040\000D\000o\000c\000u\000m\000e\000n\000t\000a\000t\000i\000o\000n}{section.7.11}
\BOOKMARK [3][-]{subsubsection.7.11.1.1}{\376\377\000m\000a\000l\000l\000a\0000\0001}{subsection.7.11.1}
\BOOKMARK [1][-]{section.7.12}{\376\377\000p\000r\000o\000v\000i\000d\000e\000G\000e\000o\000m\000e\000t\000r\000i\000c\000D\000a\000t\000a\000.\000m\000\040\000F\000i\000l\000e\000\040\000R\000e\000f\000e\000r\000e\000n\000c\000e}{chapter.7}
\BOOKMARK [2][-]{subsection.7.12.1}{\376\377\000F\000u\000n\000c\000t\000i\000o\000n\000\040\000D\000o\000c\000u\000m\000e\000n\000t\000a\000t\000i\000o\000n}{section.7.12}
\BOOKMARK [3][-]{subsubsection.7.12.1.1}{\376\377\000p\000r\000o\000v\000i\000d\000e\000G\000e\000o\000m\000e\000t\000r\000i\000c\000D\000a\000t\000a}{subsection.7.12.1}
\BOOKMARK [1][-]{section.7.13}{\376\377\000r\000e\000f\000i\000n\000e\000R\000G\000B\000.\000m\000\040\000F\000i\000l\000e\000\040\000R\000e\000f\000e\000r\000e\000n\000c\000e}{chapter.7}
\BOOKMARK [2][-]{subsection.7.13.1}{\376\377\000D\000e\000t\000a\000i\000l\000e\000d\000\040\000D\000e\000s\000c\000r\000i\000p\000t\000i\000o\000n}{section.7.13}
\BOOKMARK [2][-]{subsection.7.13.2}{\376\377\000F\000u\000n\000c\000t\000i\000o\000n\000\040\000D\000o\000c\000u\000m\000e\000n\000t\000a\000t\000i\000o\000n}{section.7.13}
\BOOKMARK [3][-]{subsubsection.7.13.2.1}{\376\377\000r\000e\000f\000i\000n\000e\000R\000G\000B}{subsection.7.13.2}
\BOOKMARK [1][-]{section.7.14}{\376\377\000s\000h\000o\000w\000n\000u\000.\000m\000\040\000F\000i\000l\000e\000\040\000R\000e\000f\000e\000r\000e\000n\000c\000e}{chapter.7}
\BOOKMARK [2][-]{subsection.7.14.1}{\376\377\000F\000u\000n\000c\000t\000i\000o\000n\000\040\000D\000o\000c\000u\000m\000e\000n\000t\000a\000t\000i\000o\000n}{section.7.14}
\BOOKMARK [3][-]{subsubsection.7.14.1.1}{\376\377\000s\000h\000o\000w\000n\000u}{subsection.7.14.1}
